New Log
Game Start
Ίβιξ
5 9 to 4 9
3 4 to 3 5
6 11 to 5 11
8 11 to 7 11
8 4 to 8 5
3 10 to 3 9
2 11 to 2 10
4 11 to 3 11
7 4 to 7 5
4 4 to 4 5
6 4 to 6 5
5 4 to 5 5
2 4 to 2 5
5 10 to 5 9
7 10 to 6 10
4 9 to 4 8
2 5 to 2 6
7 5 to 7 6
8 5 to 8 6
4 5 to 4 6
6 5 to 6 6
5 5 to 5 6
3 5 to 3 6
3 9 to 3 8
2 10 to 2 9
7 11 to 6 11
5 9 to 5 8
6 10 to 6 9
5 11 to 4 11
3 11 to 3 10
4 8 to 4 7
3 6 to 3 7
4 6 and 4 7 FIGHT
4 7 DIE
7 6 to 7 7
6 6 to 6 7
2 6 to 2 7
8 6 to 8 7
5 6 to 5 7
5 8 and 5 7 FIGHT
5 8 DIE
3 10 to 3 9
3 8 and 3 7 FIGHT
3 8 DIE
6 9 to 5 9
4 11 to 4 10
6 11 to 6 10
2 9 to 2 8
3 7 to 3 6
6 7 to 6 8
7 7 to 7 8
5 7 to 5 6
4 6 to 4 5
2 7 and 2 8 FIGHT
2 8 DIE
8 7 to 8 8
5 9 to 4 9
4 10 to 3 10
6 10 to 5 10
3 9 to 2 9
7 8 to 7 9
6 8 to 6 9
4 5 to 4 6
3 6 to 3 7
8 8 to 8 9
5 6 to 5 7
2 7 to 2 6
3 10 to 3 9
5 10 to 4 10
2 9 to 1 9
4 9 to 4 8
5 8 DISAPPEAR
4 6 to 3 6
2 6 to 2 7
8 9 to 8 10
7 9 to 7 8
6 9 to 6 10
3 7 to 3 7
5 7 to 5 8
4 10 to 5 10
1 9 to 1 10
4 8 and 5 8 FIGHT
4 8 DIE
3 9 to 3 10
6 10 and 5 10 FIGHT
5 10 DIE
3 6 to 2 6
7 8 to 7 9
3 7 to 3 6
8 10 to 7 10
5 8 to 5 9
2 7 to 3 7
3 10 to 4 10
1 10 to 2 10
5 9 to 4 9
7 9 to 6 9
6 10 to 6 11
3 7 to 2 7
3 6 to 3 7
2 10 to 2 9
2 6 to 3 6
4 10 and 4 9 FIGHT
4 9 DIE
7 10 to 6 10
5 10 DISAPPEAR
6 9 to 5 9
6 10 to 5 10
6 11 to 5 11
3 7 to 3 7
2 7 to 1 7
3 6 to 4 6
4 10 and 5 10 FIGHT
4 10 DIE
2 9 to 3 9
5 11 to 4 11
5 10 to 6 10
3 7 to 2 7
1 7 to 1 8
5 9 to 6 9
4 6 to 3 6
3 9 to 2 9
6 10 to 5 10
4 11 to 3 11
2 7 to 1 7
1 8 to 1 9
6 9 to 5 9
3 6 to 3 7
2 9 and 1 9 FIGHT
1 9 DIE
2 8 DISAPPEAR
1 7 to 1 8
5 10 to 5 11
3 7 to 2 7
5 9 to 6 9
3 11 to 2 11
2 9 to 2 10
2 11 and 2 10 FIGHT
2 11 DIE
2 7 to 2 8
6 9 to 6 10
1 8 to 0 8
5 11 to 4 11
2 10 to 3 10
4 11 to 3 11
2 8 to 2 9
0 8 to 0 9
6 10 to 5 10
3 10 and 3 11 FIGHT
3 11 DIE
4 7 DISAPPEAR
5 10 to 5 11
0 9 to 0 10
3 10 to 3 9
2 9 and 3 9 FIGHT
3 9 DIE
Calabash win
